<!DOCTYPE html PUBLIC "-//W3C//DTD XHTML 1.1//EN" "https://www.w3.org/TR/xhtml11/DTD/xhtml11.dtd">
<html xmlns="https://www.w3.org/1999/xhtml">
<head>
<meta charset='utf-8'>
<title>TestNG Report</title>
<style type="text/css">
table {margin-bottom:10px;border-collapse:collapse;empty-cells:show}
td,th {border:1px solid #009;padding:.25em .5em}
.result th {vertical-align:bottom}
.param th {padding-left:1em;padding-right:1em}
.param td {padding-left:.5em;padding-right:2em}
.stripe td,.stripe th {background-color: #E6EBF9}
.numi,.numi_attn {text-align:right}
.total td {font-weight:bold}
.passedodd td {background-color: #0A0}
.passedeven td {background-color: #3F3}
.skippedodd td {background-color: #CCC}
.skippedodd td {background-color: #DDD}
.failedodd td,.numi_attn {background-color: #F33}
.failedeven td,.stripe .numi_attn {background-color: #D00}
.stacktrace {white-space:pre;font-family:monospace}
.totop {font-size:85%;text-align:center;border-bottom:2px solid #000}
</style>
</head>
<body>
<table cellspacing="0" cellpadding="0" class="testOverview">
<tr><th>Test</th><th>Methods<br/>Passed</th><th>Scenarios<br/>Passed</th><th># skipped</th><th># failed</th><th>Total<br/>Time</th><th>Included<br/>Groups</th><th>Excluded<br/>Groups</th></tr>
<tr><td style="text-align:left;padding-right:2em"><a href="#t1">/Users/boravolkanalkac/IdeaProjects/testNGProject/src/test/java/techproed/tests/smoketest</a></td><td class="numi">4</td><td class="numi">4</td><td class="numi_attn">2</td><td class="numi_attn">3</td><td class="numi">406,1 seconds</td><td class="numi"></td><td class="numi"></td></tr>
</table>
<table cellspacing="0" cellpadding="0" class="methodOverview" id="summary">
<tr><th>Class</th><th>Method</th><th># of<br/>Scenarios</th><th>Start</th><th>Time<br/>(ms)</th></tr>
<tr id="t1"><th colspan="5">/Users/boravolkanalkac/IdeaProjects/testNGProject/src/test/java/techproed/tests/smoketest &#8212; failed</th></tr>
<tr class="failedodd"><td rowspan="2">techproed.tests.smoketest.logintests.Day18_PositiveLoginTest</td><td><a href="#m1"><b>US100201_Admin_Login</b>  </a></td><td class="numi">1</td><td>1697816469404</td><td class="numi">106362</td></tr><tr class="failedodd"><td><a href="#m2"><b>US100201_Admin_Login</b>  </a></td><td class="numi">1</td><td>1697816469404</td><td class="numi">106362</td></tr>
<tr class="failedeven"><td>techproed.tests.smoketest.reservationtests.Day19_ReservationTest</td><td><a href="#m3"><b>reservationTest</b>  </a></td><td class="numi">1</td><td>1697816657401</td><td class="numi">105825</td></tr>
<tr><th colspan="5">/Users/boravolkanalkac/IdeaProjects/testNGProject/src/test/java/techproed/tests/smoketest &#8212; skipped</th></tr>
<tr class="skippedodd"><td rowspan="2">techproed.tests.smoketest.logintests.Day18_PositiveLoginTest</td><td><a href="#m4"><b>US100201_Admin_Login</b>  </a></td><td class="numi">1</td><td>1697816357326</td><td class="numi">112076</td></tr><tr class="skippedodd"><td><a href="#m5"><b>US100201_Admin_Login</b>  </a></td><td class="numi">1</td><td>1697816357326</td><td class="numi">112076</td></tr>
<tr><th colspan="5">/Users/boravolkanalkac/IdeaProjects/testNGProject/src/test/java/techproed/tests/smoketest &#8212; passed</th></tr>
<tr class="passedodd"><td rowspan="4">techproed.tests.smoketest.logintests.Day19_NegativeLoginTest</td><td><a href="#m6"><b>emailError</b>  </a></td><td class="numi">1</td><td>1697816639490</td><td class="numi">11052</td></tr><tr class="passedodd"><td><a href="#m7"><b>US100208_Negative_Login</b> (minor-regression-group) </a></td><td class="numi">1</td><td>1697816575781</td><td class="numi">46787</td></tr><tr class="passedodd"><td><a href="#m8"><b>invalidCredsTest</b>  </a></td><td class="numi">1</td><td>1697816622577</td><td class="numi">16912</td></tr><tr class="passedodd"><td><a href="#m9"><b>passwordError</b>  </a></td><td class="numi">1</td><td>1697816650543</td><td class="numi">6856</td></tr>
</table>
<h1>/Users/boravolkanalkac/IdeaProjects/testNGProject/src/test/java/techproed/tests/smoketest</h1>
<h2 id="m1">techproed.tests.smoketest.logintests.Day18_PositiveLoginTest:US100201_Admin_Login</h2>
<div>
<h3>Test Messages</h3>
Going to the application URL<br/>
<h3>Failure</h3>
<div class="stacktrace">java.lang.AssertionError: Element not found: Proxy element for: DefaultElementLocator &apos;By.id: dropdown-basic-button&apos;
	at org.testng.Assert.fail(Assert.java:111)
	at techproed.utilities.ReusableMethods.verifyElementDisplayed(ReusableMethods.java:222)
	at techproed.tests.smoketest.logintests.Day18_PositiveLoginTest.US100201_Admin_Login(Day18_PositiveLoginTest.java:46)
	at java.base/jdk.internal.reflect.NativeMethodAccessorImpl.invoke0(Native Method)
	at java.base/jdk.internal.reflect.NativeMethodAccessorImpl.invoke(NativeMethodAccessorImpl.java:62)
	at java.base/jdk.internal.reflect.DelegatingMethodAccessorImpl.invoke(DelegatingMethodAccessorImpl.java:43)
	at java.base/java.lang.reflect.Method.invoke(Method.java:566)
	at org.testng.internal.invokers.MethodInvocationHelper.invokeMethod(MethodInvocationHelper.java:139)
	at org.testng.internal.invokers.TestInvoker.invokeMethod(TestInvoker.java:664)
	at org.testng.internal.invokers.TestInvoker.retryFailed(TestInvoker.java:248)
	at org.testng.internal.invokers.MethodRunner.runInSequence(MethodRunner.java:62)
	at org.testng.internal.invokers.TestInvoker$MethodInvocationAgent.invoke(TestInvoker.java:957)
	at org.testng.internal.invokers.TestInvoker.invokeTestMethods(TestInvoker.java:200)
	at org.testng.internal.invokers.TestMethodWorker.invokeTestMethods(TestMethodWorker.java:148)
	at org.testng.internal.invokers.TestMethodWorker.run(TestMethodWorker.java:128)
	at java.base/java.util.ArrayList.forEach(ArrayList.java:1541)
	at org.testng.TestRunner.privateRun(TestRunner.java:848)
	at org.testng.TestRunner.run(TestRunner.java:621)
	at org.testng.SuiteRunner.runTest(SuiteRunner.java:443)
	at org.testng.SuiteRunner.runSequentially(SuiteRunner.java:437)
	at org.testng.SuiteRunner.privateRun(SuiteRunner.java:397)
	at org.testng.SuiteRunner.run(SuiteRunner.java:336)
	at org.testng.SuiteRunnerWorker.runSuite(SuiteRunnerWorker.java:52)
	at org.testng.SuiteRunnerWorker.run(SuiteRunnerWorker.java:95)
	at org.testng.TestNG.runSuitesSequentially(TestNG.java:1280)
	at org.testng.TestNG.runSuitesLocally(TestNG.java:1200)
	at org.testng.TestNG.runSuites(TestNG.java:1114)
	at org.testng.TestNG.run(TestNG.java:1082)
	at com.intellij.rt.testng.IDEARemoteTestNG.run(IDEARemoteTestNG.java:66)
	at com.intellij.rt.testng.RemoteTestNGStarter.main(RemoteTestNGStarter.java:105)
</div>
</div>
<p class="totop"><a href="#summary">back to summary</a></p>
<h2 id="m2">techproed.tests.smoketest.reservationtests.Day19_ReservationTest:reservationTest</h2>
<div>
<div class="stacktrace">java.lang.AssertionError: Element not found: Proxy element for: DefaultElementLocator &apos;By.id: dropdown-basic-button&apos;
	at org.testng.Assert.fail(Assert.java:111)
	at techproed.utilities.ReusableMethods.verifyElementDisplayed(ReusableMethods.java:222)
	at techproed.tests.smoketest.reservationtests.Day19_ReservationTest.reservationTest(Day19_ReservationTest.java:65)
	at java.base/jdk.internal.reflect.NativeMethodAccessorImpl.invoke0(Native Method)
	at java.base/jdk.internal.reflect.NativeMethodAccessorImpl.invoke(NativeMethodAccessorImpl.java:62)
	at java.base/jdk.internal.reflect.DelegatingMethodAccessorImpl.invoke(DelegatingMethodAccessorImpl.java:43)
	at java.base/java.lang.reflect.Method.invoke(Method.java:566)
	at org.testng.internal.invokers.MethodInvocationHelper.invokeMethod(MethodInvocationHelper.java:139)
	at org.testng.internal.invokers.TestInvoker.invokeMethod(TestInvoker.java:664)
	at org.testng.internal.invokers.TestInvoker.invokeTestMethod(TestInvoker.java:227)
	at org.testng.internal.invokers.MethodRunner.runInSequence(MethodRunner.java:50)
	at org.testng.internal.invokers.TestInvoker$MethodInvocationAgent.invoke(TestInvoker.java:957)
	at org.testng.internal.invokers.TestInvoker.invokeTestMethods(TestInvoker.java:200)
	at org.testng.internal.invokers.TestMethodWorker.invokeTestMethods(TestMethodWorker.java:148)
	at org.testng.internal.invokers.TestMethodWorker.run(TestMethodWorker.java:128)
	at java.base/java.util.ArrayList.forEach(ArrayList.java:1541)
	at org.testng.TestRunner.privateRun(TestRunner.java:848)
	at org.testng.TestRunner.run(TestRunner.java:621)
	at org.testng.SuiteRunner.runTest(SuiteRunner.java:443)
	at org.testng.SuiteRunner.runSequentially(SuiteRunner.java:437)
	at org.testng.SuiteRunner.privateRun(SuiteRunner.java:397)
	at org.testng.SuiteRunner.run(SuiteRunner.java:336)
	at org.testng.SuiteRunnerWorker.runSuite(SuiteRunnerWorker.java:52)
	at org.testng.SuiteRunnerWorker.run(SuiteRunnerWorker.java:95)
	at org.testng.TestNG.runSuitesSequentially(TestNG.java:1280)
	at org.testng.TestNG.runSuitesLocally(TestNG.java:1200)
	at org.testng.TestNG.runSuites(TestNG.java:1114)
	at org.testng.TestNG.run(TestNG.java:1082)
	at com.intellij.rt.testng.IDEARemoteTestNG.run(IDEARemoteTestNG.java:66)
	at com.intellij.rt.testng.RemoteTestNGStarter.main(RemoteTestNGStarter.java:105)
</div>
</div>
<p class="totop"><a href="#summary">back to summary</a></p>
<h2 id="m3">techproed.tests.smoketest.logintests.Day18_PositiveLoginTest:US100201_Admin_Login</h2>
<div>
<h3>Test Messages</h3>
Going to the application URL<br/>
<h3>Failure</h3>
<div class="stacktrace">java.lang.AssertionError: Element not found: Proxy element for: DefaultElementLocator &apos;By.id: dropdown-basic-button&apos;
	at org.testng.Assert.fail(Assert.java:111)
	at techproed.utilities.ReusableMethods.verifyElementDisplayed(ReusableMethods.java:222)
	at techproed.tests.smoketest.logintests.Day18_PositiveLoginTest.US100201_Admin_Login(Day18_PositiveLoginTest.java:46)
	at java.base/jdk.internal.reflect.NativeMethodAccessorImpl.invoke0(Native Method)
	at java.base/jdk.internal.reflect.NativeMethodAccessorImpl.invoke(NativeMethodAccessorImpl.java:62)
	at java.base/jdk.internal.reflect.DelegatingMethodAccessorImpl.invoke(DelegatingMethodAccessorImpl.java:43)
	at java.base/java.lang.reflect.Method.invoke(Method.java:566)
	at org.testng.internal.invokers.MethodInvocationHelper.invokeMethod(MethodInvocationHelper.java:139)
	at org.testng.internal.invokers.TestInvoker.invokeMethod(TestInvoker.java:664)
	at org.testng.internal.invokers.TestInvoker.invokeTestMethod(TestInvoker.java:227)
	at org.testng.internal.invokers.MethodRunner.runInSequence(MethodRunner.java:50)
	at org.testng.internal.invokers.TestInvoker$MethodInvocationAgent.invoke(TestInvoker.java:957)
	at org.testng.internal.invokers.TestInvoker.invokeTestMethods(TestInvoker.java:200)
	at org.testng.internal.invokers.TestMethodWorker.invokeTestMethods(TestMethodWorker.java:148)
	at org.testng.internal.invokers.TestMethodWorker.run(TestMethodWorker.java:128)
	at java.base/java.util.ArrayList.forEach(ArrayList.java:1541)
	at org.testng.TestRunner.privateRun(TestRunner.java:848)
	at org.testng.TestRunner.run(TestRunner.java:621)
	at org.testng.SuiteRunner.runTest(SuiteRunner.java:443)
	at org.testng.SuiteRunner.runSequentially(SuiteRunner.java:437)
	at org.testng.SuiteRunner.privateRun(SuiteRunner.java:397)
	at org.testng.SuiteRunner.run(SuiteRunner.java:336)
	at org.testng.SuiteRunnerWorker.runSuite(SuiteRunnerWorker.java:52)
	at org.testng.SuiteRunnerWorker.run(SuiteRunnerWorker.java:95)
	at org.testng.TestNG.runSuitesSequentially(TestNG.java:1280)
	at org.testng.TestNG.runSuitesLocally(TestNG.java:1200)
	at org.testng.TestNG.runSuites(TestNG.java:1114)
	at org.testng.TestNG.run(TestNG.java:1082)
	at com.intellij.rt.testng.IDEARemoteTestNG.run(IDEARemoteTestNG.java:66)
	at com.intellij.rt.testng.RemoteTestNGStarter.main(RemoteTestNGStarter.java:105)
</div>
</div>
<p class="totop"><a href="#summary">back to summary</a></p>
<h2 id="m4">techproed.tests.smoketest.logintests.Day19_NegativeLoginTest:emailError</h2>
<p class="totop"><a href="#summary">back to summary</a></p>
<h2 id="m5">techproed.tests.smoketest.logintests.Day19_NegativeLoginTest:US100208_Negative_Login</h2>
<p class="totop"><a href="#summary">back to summary</a></p>
<h2 id="m6">techproed.tests.smoketest.logintests.Day19_NegativeLoginTest:invalidCredsTest</h2>
<p class="totop"><a href="#summary">back to summary</a></p>
<h2 id="m7">techproed.tests.smoketest.logintests.Day19_NegativeLoginTest:passwordError</h2>
<p class="totop"><a href="#summary">back to summary</a></p>
</body></html>
